\BOOKMARK [0][-]{chapter.1}{1 \040 OLD User Guide}{}
\BOOKMARK [0][-]{chapter.2}{2 \040 About the OLD}{}
\BOOKMARK [1][-]{section.2.1}{2.1 \040 What the OLD Will Allow You To:}{chapter.2}
\BOOKMARK [1][-]{section.2.2}{2.2 \040 Technical Specifications:}{chapter.2}
\BOOKMARK [0][-]{chapter.3}{3 \040 How to Get the OLD}{}
\BOOKMARK [0][-]{chapter.4}{4 \040 How to Use the OLD}{}
\BOOKMARK [1][-]{section.4.1}{4.1 \040 Basics}{chapter.4}
\BOOKMARK [1][-]{section.4.2}{4.2 \040 User Interface}{chapter.4}
\BOOKMARK [0][-]{chapter.5}{5 \040 Forms}{}
\BOOKMARK [1][-]{section.5.1}{5.1 \040 Form Data}{chapter.5}
\BOOKMARK [1][-]{section.5.2}{5.2 \040 Adding a Form}{chapter.5}
\BOOKMARK [1][-]{section.5.3}{5.3 \040 Searching Forms}{chapter.5}
\BOOKMARK [1][-]{section.5.4}{5.4 \040 Browsing Forms}{chapter.5}
\BOOKMARK [1][-]{section.5.5}{5.5 \040 Other Form Actions}{chapter.5}
\BOOKMARK [0][-]{chapter.6}{6 \040 Files}{}
\BOOKMARK [1][-]{section.6.1}{6.1 \040 File Data}{chapter.6}
\BOOKMARK [1][-]{section.6.2}{6.2 \040 Adding a File}{chapter.6}
\BOOKMARK [1][-]{section.6.3}{6.3 \040 Searching Files}{chapter.6}
\BOOKMARK [1][-]{section.6.4}{6.4 \040 Browsing Files}{chapter.6}
\BOOKMARK [1][-]{section.6.5}{6.5 \040 Other File Actions}{chapter.6}
\BOOKMARK [0][-]{chapter.7}{7 \040 Collections}{}
\BOOKMARK [1][-]{section.7.1}{7.1 \040 Collection Data}{chapter.7}
\BOOKMARK [1][-]{section.7.2}{7.2 \040 Viewing a Collection}{chapter.7}
\BOOKMARK [1][-]{section.7.3}{7.3 \040 Adding a Collection}{chapter.7}
\BOOKMARK [1][-]{section.7.4}{7.4 \040 Searching Collections}{chapter.7}
\BOOKMARK [1][-]{section.7.5}{7.5 \040 Browsing Collections}{chapter.7}
\BOOKMARK [1][-]{section.7.6}{7.6 \040 Other Collection Actions}{chapter.7}
\BOOKMARK [0][-]{chapter.8}{8 \040 People}{}
\BOOKMARK [1][-]{section.8.1}{8.1 \040 Speakers}{chapter.8}
\BOOKMARK [1][-]{section.8.2}{8.2 \040 Users}{chapter.8}
\BOOKMARK [0][-]{chapter.9}{9 \040 Tags}{}
\BOOKMARK [1][-]{section.9.1}{9.1 \040 Keywords}{chapter.9}
\BOOKMARK [1][-]{section.9.2}{9.2 \040 Syntactic Categories}{chapter.9}
\BOOKMARK [1][-]{section.9.3}{9.3 \040 Elicitation Methods}{chapter.9}
\BOOKMARK [0][-]{chapter.10}{10 \040 Sources}{}
\BOOKMARK [1][-]{section.10.1}{10.1 \040 Add a Source}{chapter.10}
\BOOKMARK [1][-]{section.10.2}{10.2 \040 Edit a Source}{chapter.10}
\BOOKMARK [1][-]{section.10.3}{10.3 \040 Delete a Source}{chapter.10}
\BOOKMARK [0][-]{chapter.11}{11 \040 Memory}{}
\BOOKMARK [1][-]{section.11.1}{11.1 \040 forget all}{chapter.11}
\BOOKMARK [1][-]{section.11.2}{11.2 \040 export all}{chapter.11}
\BOOKMARK [0][-]{chapter.12}{12 \040 Dictionary}{}
\BOOKMARK [1][-]{section.12.1}{12.1 \040 Browse}{chapter.12}
\BOOKMARK [1][-]{section.12.2}{12.2 \040 Search}{chapter.12}
\BOOKMARK [0][-]{chapter.13}{13 \040 Application Settings}{}
\BOOKMARK [1][-]{section.13.1}{13.1 \040 Object Language}{chapter.13}
\BOOKMARK [1][-]{section.13.2}{13.2 \040 Storage, Input \046 Output}{chapter.13}
\BOOKMARK [1][-]{section.13.3}{13.3 \040 Object Language Orthography\(/ies\)}{chapter.13}
\BOOKMARK [1][-]{section.13.4}{13.4 \040 Object Language Data}{chapter.13}
\BOOKMARK [1][-]{section.13.5}{13.5 \040 Testing Orthography Conversion}{chapter.13}
\BOOKMARK [1][-]{section.13.6}{13.6 \040 Metalanguage}{chapter.13}
\BOOKMARK [0][-]{chapter.14}{14 \040 Character Encoding}{}
\BOOKMARK [0][-]{chapter.15}{15 \040 Fonts}{}
\BOOKMARK [0][-]{chapter.16}{16 \040 Regular Expressions}{}
\BOOKMARK [1][-]{section.16.1}{16.1 \040 Metacharacters}{chapter.16}
\BOOKMARK [1][-]{section.16.2}{16.2 \040 Some Useful Regular Expressions}{chapter.16}
\BOOKMARK [0][-]{chapter.17}{17 \040 OLD Markup}{}
\BOOKMARK [1][-]{section.17.1}{17.1 \040 OLD Form Embed Markup}{chapter.17}
\BOOKMARK [1][-]{section.17.2}{17.2 \040 OLD Entity Link Markup}{chapter.17}
\BOOKMARK [1][-]{section.17.3}{17.3 \040 OLD File file Markup}{chapter.17}
\BOOKMARK [1][-]{section.17.4}{17.4 \040 OLD Image Embed Markup}{chapter.17}
\BOOKMARK [1][-]{section.17.5}{17.5 \040 OLD Metalanguage Markup}{chapter.17}
\BOOKMARK [0][-]{chapter.18}{18 \040 reStructuredText}{}
\BOOKMARK [0][-]{chapter.19}{19 \040 Markdown}{}
\BOOKMARK [0][-]{chapter.20}{20 \040 Keyboard Shortcuts}{}
\BOOKMARK [0][-]{chapter.21}{21 \040 Browser Support}{}
\BOOKMARK [0][-]{chapter.22}{22 \040 Glossary of Terms}{}
\BOOKMARK [0][-]{chapter.23}{23 \040 Future Features}{}
\BOOKMARK [1][-]{section.23.1}{23.1 \040 Priorities}{chapter.23}
\BOOKMARK [1][-]{section.23.2}{23.2 \040 Relatively Easy Projects}{chapter.23}
\BOOKMARK [1][-]{section.23.3}{23.3 \040 Big Projects}{chapter.23}
\BOOKMARK [0][-]{chapter.24}{Developer Guide}{}
\BOOKMARK [0][-]{chapter.25}{API Documentation}{}
\BOOKMARK [1][-]{section.25.1}{The simplesite Module}{chapter.25}
\BOOKMARK [1][-]{section.25.2}{The controllers Module}{chapter.25}
\BOOKMARK [1][-]{section.25.3}{The utils Module}{chapter.25}
\BOOKMARK [0][-]{chapter.26}{Indices and tables}{}
\BOOKMARK [0][-]{section*.61}{Python Module Index}{}
